2023-07-12 11:35:48,077 - ERROR: Error Controladora Device 10.117.115.111
2023-07-12 11:35:48,077 - ERROR: Error Controladora Device 10.117.115.111
2023-07-12 11:35:48,078 - ERROR: Traceback (most recent call last):
  File "/home/donkami/Sona/SistemaDCS/DCS-Candelaria/Services/Mesh/controladora.py", line 38, in get_data_controladora
    output = net_connect.send_command("sh wireless client mac-address " + data_pala.split()[0] + " detail")
IndexError: list index out of range

2023-07-12 11:35:48,078 - ERROR: Traceback (most recent call last):
  File "/home/donkami/Sona/SistemaDCS/DCS-Candelaria/Services/Mesh/controladora.py", line 38, in get_data_controladora
    output = net_connect.send_command("sh wireless client mac-address " + data_pala.split()[0] + " detail")
IndexError: list index out of range

2023-07-12 11:36:25,624 - ERROR: Error Controladora Device 10.117.115.180
2023-07-12 11:36:25,624 - ERROR: Error Controladora Device 10.117.115.180
2023-07-12 11:36:25,624 - ERROR: Traceback (most recent call last):
  File "/home/donkami/Sona/SistemaDCS/DCS-Candelaria/Services/Mesh/controladora.py", line 38, in get_data_controladora
    output = net_connect.send_command("sh wireless client mac-address " + data_pala.split()[0] + " detail")
IndexError: list index out of range

2023-07-12 11:36:25,624 - ERROR: Traceback (most recent call last):
  File "/home/donkami/Sona/SistemaDCS/DCS-Candelaria/Services/Mesh/controladora.py", line 38, in get_data_controladora
    output = net_connect.send_command("sh wireless client mac-address " + data_pala.split()[0] + " detail")
IndexError: list index out of range

2023-07-12 11:37:06,204 - ERROR: Error Controladora Device 10.117.115.121
2023-07-12 11:37:06,204 - ERROR: Error Controladora Device 10.117.115.121
2023-07-12 11:37:06,204 - ERROR: Traceback (most recent call last):
  File "/home/donkami/Sona/SistemaDCS/DCS-Candelaria/Services/Mesh/controladora.py", line 35, in get_data_controladora
    data_pala = net_connect.send_command(f"sh wireless client summary detail ipv4 | inc {device_ip}") #! Ip Pala
  File "/home/donkami/Sona/SistemaDCS/DCS-Candelaria/Services/Mesh/venv/lib/python3.10/site-packages/netmiko/utilities.py", line 592, in wrapper_decorator
    return func(self, *args, **kwargs)
  File "/home/donkami/Sona/SistemaDCS/DCS-Candelaria/Services/Mesh/venv/lib/python3.10/site-packages/netmiko/base_connection.py", line 1721, in send_command
    raise ReadTimeout(msg)
netmiko.exceptions.ReadTimeout: 
Pattern not detected: 'WLC\\-9800\\-MESH\\-CD>' in output.

Things you might try to fix this:
1. Explicitly set your pattern using the expect_string argument.
2. Increase the read_timeout to a larger value.

You can also look at the Netmiko session_log or debug log for more information.



2023-07-12 11:37:06,204 - ERROR: Traceback (most recent call last):
  File "/home/donkami/Sona/SistemaDCS/DCS-Candelaria/Services/Mesh/controladora.py", line 35, in get_data_controladora
    data_pala = net_connect.send_command(f"sh wireless client summary detail ipv4 | inc {device_ip}") #! Ip Pala
  File "/home/donkami/Sona/SistemaDCS/DCS-Candelaria/Services/Mesh/venv/lib/python3.10/site-packages/netmiko/utilities.py", line 592, in wrapper_decorator
    return func(self, *args, **kwargs)
  File "/home/donkami/Sona/SistemaDCS/DCS-Candelaria/Services/Mesh/venv/lib/python3.10/site-packages/netmiko/base_connection.py", line 1721, in send_command
    raise ReadTimeout(msg)
netmiko.exceptions.ReadTimeout: 
Pattern not detected: 'WLC\\-9800\\-MESH\\-CD>' in output.

Things you might try to fix this:
1. Explicitly set your pattern using the expect_string argument.
2. Increase the read_timeout to a larger value.

You can also look at the Netmiko session_log or debug log for more information.



2023-07-12 11:37:24,239 - ERROR: Error Controladora Device 10.117.115.122
2023-07-12 11:37:24,239 - ERROR: Error Controladora Device 10.117.115.122
2023-07-12 11:37:24,239 - ERROR: Traceback (most recent call last):
  File "/home/donkami/Sona/SistemaDCS/DCS-Candelaria/Services/Mesh/controladora.py", line 35, in get_data_controladora
    data_pala = net_connect.send_command(f"sh wireless client summary detail ipv4 | inc {device_ip}") #! Ip Pala
  File "/home/donkami/Sona/SistemaDCS/DCS-Candelaria/Services/Mesh/venv/lib/python3.10/site-packages/netmiko/utilities.py", line 592, in wrapper_decorator
    return func(self, *args, **kwargs)
  File "/home/donkami/Sona/SistemaDCS/DCS-Candelaria/Services/Mesh/venv/lib/python3.10/site-packages/netmiko/base_connection.py", line 1721, in send_command
    raise ReadTimeout(msg)
netmiko.exceptions.ReadTimeout: 
Pattern not detected: 'WLC\\-9800\\-MESH\\-CD>' in output.

Things you might try to fix this:
1. Explicitly set your pattern using the expect_string argument.
2. Increase the read_timeout to a larger value.

You can also look at the Netmiko session_log or debug log for more information.



2023-07-12 11:37:24,239 - ERROR: Traceback (most recent call last):
  File "/home/donkami/Sona/SistemaDCS/DCS-Candelaria/Services/Mesh/controladora.py", line 35, in get_data_controladora
    data_pala = net_connect.send_command(f"sh wireless client summary detail ipv4 | inc {device_ip}") #! Ip Pala
  File "/home/donkami/Sona/SistemaDCS/DCS-Candelaria/Services/Mesh/venv/lib/python3.10/site-packages/netmiko/utilities.py", line 592, in wrapper_decorator
    return func(self, *args, **kwargs)
  File "/home/donkami/Sona/SistemaDCS/DCS-Candelaria/Services/Mesh/venv/lib/python3.10/site-packages/netmiko/base_connection.py", line 1721, in send_command
    raise ReadTimeout(msg)
netmiko.exceptions.ReadTimeout: 
Pattern not detected: 'WLC\\-9800\\-MESH\\-CD>' in output.

Things you might try to fix this:
1. Explicitly set your pattern using the expect_string argument.
2. Increase the read_timeout to a larger value.

You can also look at the Netmiko session_log or debug log for more information.



2023-07-12 11:37:42,276 - ERROR: Error Controladora Device 10.117.115.182
2023-07-12 11:37:42,276 - ERROR: Error Controladora Device 10.117.115.182
2023-07-12 11:37:42,276 - ERROR: Traceback (most recent call last):
  File "/home/donkami/Sona/SistemaDCS/DCS-Candelaria/Services/Mesh/controladora.py", line 35, in get_data_controladora
    data_pala = net_connect.send_command(f"sh wireless client summary detail ipv4 | inc {device_ip}") #! Ip Pala
  File "/home/donkami/Sona/SistemaDCS/DCS-Candelaria/Services/Mesh/venv/lib/python3.10/site-packages/netmiko/utilities.py", line 592, in wrapper_decorator
    return func(self, *args, **kwargs)
  File "/home/donkami/Sona/SistemaDCS/DCS-Candelaria/Services/Mesh/venv/lib/python3.10/site-packages/netmiko/base_connection.py", line 1721, in send_command
    raise ReadTimeout(msg)
netmiko.exceptions.ReadTimeout: 
Pattern not detected: 'WLC\\-9800\\-MESH\\-CD>' in output.

Things you might try to fix this:
1. Explicitly set your pattern using the expect_string argument.
2. Increase the read_timeout to a larger value.

You can also look at the Netmiko session_log or debug log for more information.



2023-07-12 11:37:42,276 - ERROR: Traceback (most recent call last):
  File "/home/donkami/Sona/SistemaDCS/DCS-Candelaria/Services/Mesh/controladora.py", line 35, in get_data_controladora
    data_pala = net_connect.send_command(f"sh wireless client summary detail ipv4 | inc {device_ip}") #! Ip Pala
  File "/home/donkami/Sona/SistemaDCS/DCS-Candelaria/Services/Mesh/venv/lib/python3.10/site-packages/netmiko/utilities.py", line 592, in wrapper_decorator
    return func(self, *args, **kwargs)
  File "/home/donkami/Sona/SistemaDCS/DCS-Candelaria/Services/Mesh/venv/lib/python3.10/site-packages/netmiko/base_connection.py", line 1721, in send_command
    raise ReadTimeout(msg)
netmiko.exceptions.ReadTimeout: 
Pattern not detected: 'WLC\\-9800\\-MESH\\-CD>' in output.

Things you might try to fix this:
1. Explicitly set your pattern using the expect_string argument.
2. Increase the read_timeout to a larger value.

You can also look at the Netmiko session_log or debug log for more information.



2023-07-12 11:38:00,321 - ERROR: Error Controladora Device 10.117.115.183
2023-07-12 11:38:00,321 - ERROR: Error Controladora Device 10.117.115.183
2023-07-12 11:38:00,321 - ERROR: Traceback (most recent call last):
  File "/home/donkami/Sona/SistemaDCS/DCS-Candelaria/Services/Mesh/controladora.py", line 35, in get_data_controladora
    data_pala = net_connect.send_command(f"sh wireless client summary detail ipv4 | inc {device_ip}") #! Ip Pala
  File "/home/donkami/Sona/SistemaDCS/DCS-Candelaria/Services/Mesh/venv/lib/python3.10/site-packages/netmiko/utilities.py", line 592, in wrapper_decorator
    return func(self, *args, **kwargs)
  File "/home/donkami/Sona/SistemaDCS/DCS-Candelaria/Services/Mesh/venv/lib/python3.10/site-packages/netmiko/base_connection.py", line 1721, in send_command
    raise ReadTimeout(msg)
netmiko.exceptions.ReadTimeout: 
Pattern not detected: 'WLC\\-9800\\-MESH\\-CD>' in output.

Things you might try to fix this:
1. Explicitly set your pattern using the expect_string argument.
2. Increase the read_timeout to a larger value.

You can also look at the Netmiko session_log or debug log for more information.



2023-07-12 11:38:00,321 - ERROR: Traceback (most recent call last):
  File "/home/donkami/Sona/SistemaDCS/DCS-Candelaria/Services/Mesh/controladora.py", line 35, in get_data_controladora
    data_pala = net_connect.send_command(f"sh wireless client summary detail ipv4 | inc {device_ip}") #! Ip Pala
  File "/home/donkami/Sona/SistemaDCS/DCS-Candelaria/Services/Mesh/venv/lib/python3.10/site-packages/netmiko/utilities.py", line 592, in wrapper_decorator
    return func(self, *args, **kwargs)
  File "/home/donkami/Sona/SistemaDCS/DCS-Candelaria/Services/Mesh/venv/lib/python3.10/site-packages/netmiko/base_connection.py", line 1721, in send_command
    raise ReadTimeout(msg)
netmiko.exceptions.ReadTimeout: 
Pattern not detected: 'WLC\\-9800\\-MESH\\-CD>' in output.

Things you might try to fix this:
1. Explicitly set your pattern using the expect_string argument.
2. Increase the read_timeout to a larger value.

You can also look at the Netmiko session_log or debug log for more information.



2023-07-12 11:38:18,540 - ERROR: Error Controladora Device 10.117.115.184
2023-07-12 11:38:18,540 - ERROR: Error Controladora Device 10.117.115.184
2023-07-12 11:38:18,540 - ERROR: Traceback (most recent call last):
  File "/home/donkami/Sona/SistemaDCS/DCS-Candelaria/Services/Mesh/controladora.py", line 35, in get_data_controladora
    data_pala = net_connect.send_command(f"sh wireless client summary detail ipv4 | inc {device_ip}") #! Ip Pala
  File "/home/donkami/Sona/SistemaDCS/DCS-Candelaria/Services/Mesh/venv/lib/python3.10/site-packages/netmiko/utilities.py", line 592, in wrapper_decorator
    return func(self, *args, **kwargs)
  File "/home/donkami/Sona/SistemaDCS/DCS-Candelaria/Services/Mesh/venv/lib/python3.10/site-packages/netmiko/base_connection.py", line 1721, in send_command
    raise ReadTimeout(msg)
netmiko.exceptions.ReadTimeout: 
Pattern not detected: 'WLC\\-9800\\-MESH\\-CD>' in output.

Things you might try to fix this:
1. Explicitly set your pattern using the expect_string argument.
2. Increase the read_timeout to a larger value.

You can also look at the Netmiko session_log or debug log for more information.



2023-07-12 11:38:18,540 - ERROR: Traceback (most recent call last):
  File "/home/donkami/Sona/SistemaDCS/DCS-Candelaria/Services/Mesh/controladora.py", line 35, in get_data_controladora
    data_pala = net_connect.send_command(f"sh wireless client summary detail ipv4 | inc {device_ip}") #! Ip Pala
  File "/home/donkami/Sona/SistemaDCS/DCS-Candelaria/Services/Mesh/venv/lib/python3.10/site-packages/netmiko/utilities.py", line 592, in wrapper_decorator
    return func(self, *args, **kwargs)
  File "/home/donkami/Sona/SistemaDCS/DCS-Candelaria/Services/Mesh/venv/lib/python3.10/site-packages/netmiko/base_connection.py", line 1721, in send_command
    raise ReadTimeout(msg)
netmiko.exceptions.ReadTimeout: 
Pattern not detected: 'WLC\\-9800\\-MESH\\-CD>' in output.

Things you might try to fix this:
1. Explicitly set your pattern using the expect_string argument.
2. Increase the read_timeout to a larger value.

You can also look at the Netmiko session_log or debug log for more information.



2023-07-12 11:39:37,600 - ERROR: Error Controladora Device 10.117.115.110
2023-07-12 11:39:37,600 - ERROR: Error Controladora Device 10.117.115.110
2023-07-12 11:39:37,601 - ERROR: Traceback (most recent call last):
  File "/home/donkami/Sona/SistemaDCS/DCS-Candelaria/Services/Mesh/controladora.py", line 35, in get_data_controladora
    data_pala = net_connect.send_command(f"sh wireless client summary detail ipv4 | inc {device_ip}") #! Ip Pala
  File "/home/donkami/Sona/SistemaDCS/DCS-Candelaria/Services/Mesh/venv/lib/python3.10/site-packages/netmiko/utilities.py", line 592, in wrapper_decorator
    return func(self, *args, **kwargs)
  File "/home/donkami/Sona/SistemaDCS/DCS-Candelaria/Services/Mesh/venv/lib/python3.10/site-packages/netmiko/base_connection.py", line 1721, in send_command
    raise ReadTimeout(msg)
netmiko.exceptions.ReadTimeout: 
Pattern not detected: 'WLC\\-9800\\-MESH\\-CD>' in output.

Things you might try to fix this:
1. Explicitly set your pattern using the expect_string argument.
2. Increase the read_timeout to a larger value.

You can also look at the Netmiko session_log or debug log for more information.



2023-07-12 11:39:37,601 - ERROR: Traceback (most recent call last):
  File "/home/donkami/Sona/SistemaDCS/DCS-Candelaria/Services/Mesh/controladora.py", line 35, in get_data_controladora
    data_pala = net_connect.send_command(f"sh wireless client summary detail ipv4 | inc {device_ip}") #! Ip Pala
  File "/home/donkami/Sona/SistemaDCS/DCS-Candelaria/Services/Mesh/venv/lib/python3.10/site-packages/netmiko/utilities.py", line 592, in wrapper_decorator
    return func(self, *args, **kwargs)
  File "/home/donkami/Sona/SistemaDCS/DCS-Candelaria/Services/Mesh/venv/lib/python3.10/site-packages/netmiko/base_connection.py", line 1721, in send_command
    raise ReadTimeout(msg)
netmiko.exceptions.ReadTimeout: 
Pattern not detected: 'WLC\\-9800\\-MESH\\-CD>' in output.

Things you might try to fix this:
1. Explicitly set your pattern using the expect_string argument.
2. Increase the read_timeout to a larger value.

You can also look at the Netmiko session_log or debug log for more information.



2023-07-12 11:39:57,026 - ERROR: Error Controladora Device 10.117.115.111
2023-07-12 11:39:57,026 - ERROR: Error Controladora Device 10.117.115.111
2023-07-12 11:39:57,026 - ERROR: Traceback (most recent call last):
  File "/home/donkami/Sona/SistemaDCS/DCS-Candelaria/Services/Mesh/controladora.py", line 35, in get_data_controladora
    data_pala = net_connect.send_command(f"sh wireless client summary detail ipv4 | inc {device_ip}") #! Ip Pala
  File "/home/donkami/Sona/SistemaDCS/DCS-Candelaria/Services/Mesh/venv/lib/python3.10/site-packages/netmiko/utilities.py", line 592, in wrapper_decorator
    return func(self, *args, **kwargs)
  File "/home/donkami/Sona/SistemaDCS/DCS-Candelaria/Services/Mesh/venv/lib/python3.10/site-packages/netmiko/base_connection.py", line 1721, in send_command
    raise ReadTimeout(msg)
netmiko.exceptions.ReadTimeout: 
Pattern not detected: 'WLC\\-9800\\-MESH\\-CD>' in output.

Things you might try to fix this:
1. Explicitly set your pattern using the expect_string argument.
2. Increase the read_timeout to a larger value.

You can also look at the Netmiko session_log or debug log for more information.



2023-07-12 11:39:57,026 - ERROR: Traceback (most recent call last):
  File "/home/donkami/Sona/SistemaDCS/DCS-Candelaria/Services/Mesh/controladora.py", line 35, in get_data_controladora
    data_pala = net_connect.send_command(f"sh wireless client summary detail ipv4 | inc {device_ip}") #! Ip Pala
  File "/home/donkami/Sona/SistemaDCS/DCS-Candelaria/Services/Mesh/venv/lib/python3.10/site-packages/netmiko/utilities.py", line 592, in wrapper_decorator
    return func(self, *args, **kwargs)
  File "/home/donkami/Sona/SistemaDCS/DCS-Candelaria/Services/Mesh/venv/lib/python3.10/site-packages/netmiko/base_connection.py", line 1721, in send_command
    raise ReadTimeout(msg)
netmiko.exceptions.ReadTimeout: 
Pattern not detected: 'WLC\\-9800\\-MESH\\-CD>' in output.

Things you might try to fix this:
1. Explicitly set your pattern using the expect_string argument.
2. Increase the read_timeout to a larger value.

You can also look at the Netmiko session_log or debug log for more information.



2023-07-12 11:40:34,776 - ERROR: Error Controladora Device 10.117.115.180
2023-07-12 11:40:34,776 - ERROR: Error Controladora Device 10.117.115.180
2023-07-12 11:40:34,776 - ERROR: Traceback (most recent call last):
  File "/home/donkami/Sona/SistemaDCS/DCS-Candelaria/Services/Mesh/controladora.py", line 38, in get_data_controladora
    output = net_connect.send_command("sh wireless client mac-address " + data_pala.split()[0] + " detail")
IndexError: list index out of range

2023-07-12 11:40:34,776 - ERROR: Traceback (most recent call last):
  File "/home/donkami/Sona/SistemaDCS/DCS-Candelaria/Services/Mesh/controladora.py", line 38, in get_data_controladora
    output = net_connect.send_command("sh wireless client mac-address " + data_pala.split()[0] + " detail")
IndexError: list index out of range

2023-07-12 11:41:55,979 - ERROR: Error Controladora Device 10.117.115.182
2023-07-12 11:41:55,979 - ERROR: Error Controladora Device 10.117.115.182
2023-07-12 11:41:55,979 - ERROR: Traceback (most recent call last):
  File "/home/donkami/Sona/SistemaDCS/DCS-Candelaria/Services/Mesh/controladora.py", line 38, in get_data_controladora
    output = net_connect.send_command("sh wireless client mac-address " + data_pala.split()[0] + " detail")
IndexError: list index out of range

2023-07-12 11:41:55,979 - ERROR: Traceback (most recent call last):
  File "/home/donkami/Sona/SistemaDCS/DCS-Candelaria/Services/Mesh/controladora.py", line 38, in get_data_controladora
    output = net_connect.send_command("sh wireless client mac-address " + data_pala.split()[0] + " detail")
IndexError: list index out of range

2023-07-12 11:42:11,778 - ERROR: Error Controladora Device 10.117.115.183
2023-07-12 11:42:11,778 - ERROR: Error Controladora Device 10.117.115.183
2023-07-12 11:42:11,778 - ERROR: Traceback (most recent call last):
  File "/home/donkami/Sona/SistemaDCS/DCS-Candelaria/Services/Mesh/controladora.py", line 38, in get_data_controladora
    output = net_connect.send_command("sh wireless client mac-address " + data_pala.split()[0] + " detail")
IndexError: list index out of range

2023-07-12 11:42:11,778 - ERROR: Traceback (most recent call last):
  File "/home/donkami/Sona/SistemaDCS/DCS-Candelaria/Services/Mesh/controladora.py", line 38, in get_data_controladora
    output = net_connect.send_command("sh wireless client mac-address " + data_pala.split()[0] + " detail")
IndexError: list index out of range

